0 info it worked if it ends with ok
1 verbose cli [ '/Users/Lutece/.nvm/versions/node/v6.11.2/bin/node',
1 verbose cli   '/Users/Lutece/.nvm/versions/node/v6.11.2/bin/npm',
1 verbose cli   'run',
1 verbose cli   'deploy' ]
2 info using npm@3.10.10
3 info using node@v6.11.2
4 verbose stack Error: Invalid name: "Lutece blog"
4 verbose stack     at ensureValidName (/Users/Lutece/.nvm/versions/node/v6.11.2/lib/node_modules/npm/node_modules/normalize-package-data/lib/fixer.js:336:15)
4 verbose stack     at Object.fixNameField (/Users/Lutece/.nvm/versions/node/v6.11.2/lib/node_modules/npm/node_modules/normalize-package-data/lib/fixer.js:215:5)
4 verbose stack     at /Users/Lutece/.nvm/versions/node/v6.11.2/lib/node_modules/npm/node_modules/normalize-package-data/lib/normalize.js:32:38
4 verbose stack     at Array.forEach (native)
4 verbose stack     at normalize (/Users/Lutece/.nvm/versions/node/v6.11.2/lib/node_modules/npm/node_modules/normalize-package-data/lib/normalize.js:31:15)
4 verbose stack     at final (/Users/Lutece/.nvm/versions/node/v6.11.2/lib/node_modules/npm/node_modules/read-package-json/read-json.js:349:5)
4 verbose stack     at then (/Users/Lutece/.nvm/versions/node/v6.11.2/lib/node_modules/npm/node_modules/read-package-json/read-json.js:124:5)
4 verbose stack     at /Users/Lutece/.nvm/versions/node/v6.11.2/lib/node_modules/npm/node_modules/read-package-json/read-json.js:311:12
4 verbose stack     at /Users/Lutece/.nvm/versions/node/v6.11.2/lib/node_modules/npm/node_modules/graceful-fs/graceful-fs.js:78:16
4 verbose stack     at tryToString (fs.js:456:3)
5 verbose cwd /Users/Lutece/workspace/blog
6 error Darwin 17.3.0
7 error argv "/Users/Lutece/.nvm/versions/node/v6.11.2/bin/node" "/Users/Lutece/.nvm/versions/node/v6.11.2/bin/npm" "run" "deploy"
8 error node v6.11.2
9 error npm  v3.10.10
10 error Invalid name: "Lutece blog"
11 error If you need help, you may report this error at:
11 error     <https://github.com/npm/npm/issues>
12 verbose exit [ 1, true ]
